This is pdfTeX, Version 3.141592653-2.6-1.40.25 (TeX Live 2023/Debian) (preloaded format=pdflatex 2026.4.18)  8 JUL 2026 08:08
entering extended mode
 restricted \write18 enabled.
 %&-line parsing enabled.
**BBCN_paper3v2.tex
(./BBCN_paper3v2.tex
LaTeX2e <2023-11-01> patch level 1
L3 programming layer <2024-01-22>
(/usr/share/texlive/texmf-dist/tex/latex/base/article.cls
Document Class: article 2023/05/17 v1.4n Standard LaTeX document class
(/usr/share/texlive/texmf-dist/tex/latex/base/size11.clo
File: size11.clo 2023/05/17 v1.4n Standard LaTeX file (size option)
)
\c@part=\count187
\c@section=\count188
\c@subsection=\count189
\c@subsubsection=\count190
\c@paragraph=\count191
\c@subparagraph=\count192
\c@figure=\count193
\c@table=\count194
\abovecaptionskip=\skip48
\belowcaptionskip=\skip49
\bibindent=\dimen140
)
(/usr/share/texlive/texmf-dist/tex/latex/base/inputenc.sty
Package: inputenc 2021/02/14 v1.3d Input encoding file
\inpenc@prehook=\toks17
\inpenc@posthook=\toks18
)
(/usr/share/texlive/texmf-dist/tex/latex/base/fontenc.sty
Package: fontenc 2021/04/29 v2.0v Standard LaTeX package
)
(/usr/share/texlive/texmf-dist/tex/latex/geometry/geometry.sty
Package: geometry 2020/01/02 v5.9 Page Geometry

(/usr/share/texlive/texmf-dist/tex/latex/graphics/keyval.sty
Package: keyval 2022/05/29 v1.15 key=value parser (DPC)
\KV@toks@=\toks19
)
(/usr/share/texlive/texmf-dist/tex/generic/iftex/ifvtex.sty
Package: ifvtex 2019/10/25 v1.7 ifvtex legacy package. Use iftex instead.

(/usr/share/texlive/texmf-dist/tex/generic/iftex/iftex.sty
Package: iftex 2022/02/03 v1.0f TeX engine tests
))
\Gm@cnth=\count195
\Gm@cntv=\count196
\c@Gm@tempcnt=\count197
\Gm@bindingoffset=\dimen141
\Gm@wd@mp=\dimen142
\Gm@odd@mp=\dimen143
\Gm@even@mp=\dimen144
\Gm@layoutwidth=\dimen145
\Gm@layoutheight=\dimen146
\Gm@layouthoffset=\dimen147
\Gm@layoutvoffset=\dimen148
\Gm@dimlist=\toks20
)
(/usr/share/texlive/texmf-dist/tex/latex/graphics/graphicx.sty
Package: graphicx 2021/09/16 v1.2d Enhanced LaTeX Graphics (DPC,SPQR)

(/usr/share/texlive/texmf-dist/tex/latex/graphics/graphics.sty
Package: graphics 2022/03/10 v1.4e Standard LaTeX Graphics (DPC,SPQR)

(/usr/share/texlive/texmf-dist/tex/latex/graphics/trig.sty
Package: trig 2021/08/11 v1.11 sin cos tan (DPC)
)
(/usr/share/texlive/texmf-dist/tex/latex/graphics-cfg/graphics.cfg
File: graphics.cfg 2016/06/04 v1.11 sample graphics configuration
)
Package graphics Info: Driver file: pdftex.def on input line 107.

(/usr/share/texlive/texmf-dist/tex/latex/graphics-def/pdftex.def
File: pdftex.def 2022/09/22 v1.2b Graphics/color driver for pdftex
))
\Gin@req@height=\dimen149
\Gin@req@width=\dimen150
)
(/usr/share/texlive/texmf-dist/tex/latex/amsmath/amsmath.sty
Package: amsmath 2023/05/13 v2.17o AMS math features
\@mathmargin=\skip50

For additional information on amsmath, use the `?' option.
(/usr/share/texlive/texmf-dist/tex/latex/amsmath/amstext.sty
Package: amstext 2021/08/26 v2.01 AMS text

(/usr/share/texlive/texmf-dist/tex/latex/amsmath/amsgen.sty
File: amsgen.sty 1999/11/30 v2.0 generic functions
\@emptytoks=\toks21
\ex@=\dimen151
))
(/usr/share/texlive/texmf-dist/tex/latex/amsmath/amsbsy.sty
Package: amsbsy 1999/11/29 v1.2d Bold Symbols
\pmbraise@=\dimen152
)
(/usr/share/texlive/texmf-dist/tex/latex/amsmath/amsopn.sty
Package: amsopn 2022/04/08 v2.04 operator names
)
\inf@bad=\count198
LaTeX Info: Redefining \frac on input line 234.
\uproot@=\count199
\leftroot@=\count266
LaTeX Info: Redefining \overline on input line 399.
LaTeX Info: Redefining \colon on input line 410.
\classnum@=\count267
\DOTSCASE@=\count268
LaTeX Info: Redefining \ldots on input line 496.
LaTeX Info: Redefining \dots on input line 499.
LaTeX Info: Redefining \cdots on input line 620.
\Mathstrutbox@=\box51
\strutbox@=\box52
LaTeX Info: Redefining \big on input line 722.
LaTeX Info: Redefining \Big on input line 723.
LaTeX Info: Redefining \bigg on input line 724.
LaTeX Info: Redefining \Bigg on input line 725.
\big@size=\dimen153
LaTeX Font Info:    Redeclaring font encoding OML on input line 743.
LaTeX Font Info:    Redeclaring font encoding OMS on input line 744.
\macc@depth=\count269
LaTeX Info: Redefining \bmod on input line 905.
LaTeX Info: Redefining \pmod on input line 910.
LaTeX Info: Redefining \smash on input line 940.
LaTeX Info: Redefining \relbar on input line 970.
LaTeX Info: Redefining \Relbar on input line 971.
\c@MaxMatrixCols=\count270
\dotsspace@=\muskip16
\c@parentequation=\count271
\dspbrk@lvl=\count272
\tag@help=\toks22
\row@=\count273
\column@=\count274
\maxfields@=\count275
\andhelp@=\toks23
\eqnshift@=\dimen154
\alignsep@=\dimen155
\tagshift@=\dimen156
\tagwidth@=\dimen157
\totwidth@=\dimen158
\lineht@=\dimen159
\@envbody=\toks24
\multlinegap=\skip51
\multlinetaggap=\skip52
\mathdisplay@stack=\toks25
LaTeX Info: Redefining \[ on input line 2953.
LaTeX Info: Redefining \] on input line 2954.
)
(/usr/share/texlive/texmf-dist/tex/latex/amsfonts/amssymb.sty
Package: amssymb 2013/01/14 v3.01 AMS font symbols

(/usr/share/texlive/texmf-dist/tex/latex/amsfonts/amsfonts.sty
Package: amsfonts 2013/01/14 v3.01 Basic AMSFonts support
\symAMSa=\mathgroup4
\symAMSb=\mathgroup5
LaTeX Font Info:    Redeclaring math symbol \hbar on input line 98.
LaTeX Font Info:    Overwriting math alphabet `\mathfrak' in version `bold'
(Font)                  U/euf/m/n --> U/euf/b/n on input line 106.
))
(/usr/share/texlive/texmf-dist/tex/latex/booktabs/booktabs.sty
Package: booktabs 2020/01/12 v1.61803398 Publication quality tables
\heavyrulewidth=\dimen160
\lightrulewidth=\dimen161
\cmidrulewidth=\dimen162
\belowrulesep=\dimen163
\belowbottomsep=\dimen164
\aboverulesep=\dimen165
\abovetopsep=\dimen166
\cmidrulesep=\dimen167
\cmidrulekern=\dimen168
\defaultaddspace=\dimen169
\@cmidla=\count276
\@cmidlb=\count277
\@aboverulesep=\dimen170
\@belowrulesep=\dimen171
\@thisruleclass=\count278
\@lastruleclass=\count279
\@thisrulewidth=\dimen172
)
(/usr/share/texlive/texmf-dist/tex/latex/preprint/authblk.sty
Package: authblk 2001/02/27 1.3 (PWD)
\affilsep=\skip53
\@affilsep=\skip54
\c@Maxaffil=\count280
\c@authors=\count281
\c@affil=\count282
)
(/usr/share/texlive/texmf-dist/tex/latex/xcolor/xcolor.sty
Package: xcolor 2023/11/15 v3.01 LaTeX color extensions (UK)

(/usr/share/texlive/texmf-dist/tex/latex/graphics-cfg/color.cfg
File: color.cfg 2016/01/02 v1.6 sample color configuration
)
Package xcolor Info: Driver file: pdftex.def on input line 274.

(/usr/share/texlive/texmf-dist/tex/latex/graphics/mathcolor.ltx)
Package xcolor Info: Model `cmy' substituted by `cmy0' on input line 1350.
Package xcolor Info: Model `hsb' substituted by `rgb' on input line 1354.
Package xcolor Info: Model `RGB' extended on input line 1366.
Package xcolor Info: Model `HTML' substituted by `rgb' on input line 1368.
Package xcolor Info: Model `Hsb' substituted by `hsb' on input line 1369.
Package xcolor Info: Model `tHsb' substituted by `hsb' on input line 1370.
Package xcolor Info: Model `HSB' substituted by `hsb' on input line 1371.
Package xcolor Info: Model `Gray' substituted by `gray' on input line 1372.
Package xcolor Info: Model `wave' substituted by `hsb' on input line 1373.
)
(/usr/share/texlive/texmf-dist/tex/latex/caption/caption.sty
Package: caption 2023/08/05 v3.6o Customizing captions (AR)

(/usr/share/texlive/texmf-dist/tex/latex/caption/caption3.sty
Package: caption3 2023/07/31 v2.4d caption3 kernel (AR)
\caption@tempdima=\dimen173
\captionmargin=\dimen174
\caption@leftmargin=\dimen175
\caption@rightmargin=\dimen176
\caption@width=\dimen177
\caption@indent=\dimen178
\caption@parindent=\dimen179
\caption@hangindent=\dimen180
Package caption Info: Standard document class detected.
)
\c@caption@flags=\count283
\c@continuedfloat=\count284
)
(/usr/share/texlive/texmf-dist/tex/latex/float/float.sty
Package: float 2001/11/08 v1.3d Float enhancements (AL)
\c@float@type=\count285
\float@exts=\toks26
\float@box=\box53
\@float@everytoks=\toks27
\@floatcapt=\box54
)
(/usr/share/texlive/texmf-dist/tex/latex/hyperref/hyperref.sty
Package: hyperref 2024-01-20 v7.01h Hypertext links for LaTeX

(/usr/share/texlive/texmf-dist/tex/latex/kvsetkeys/kvsetkeys.sty
Package: kvsetkeys 2022-10-05 v1.19 Key value parser (HO)
)
(/usr/share/texlive/texmf-dist/tex/generic/kvdefinekeys/kvdefinekeys.sty
Package: kvdefinekeys 2019-12-19 v1.6 Define keys (HO)
)
(/usr/share/texlive/texmf-dist/tex/generic/pdfescape/pdfescape.sty
Package: pdfescape 2019/12/09 v1.15 Implements pdfTeX's escape features (HO)

(/usr/share/texlive/texmf-dist/tex/generic/ltxcmds/ltxcmds.sty
Package: ltxcmds 2023-12-04 v1.26 LaTeX kernel commands for general use (HO)
)
(/usr/share/texlive/texmf-dist/tex/generic/pdftexcmds/pdftexcmds.sty
Package: pdftexcmds 2020-06-27 v0.33 Utility functions of pdfTeX for LuaTeX (HO
)

(/usr/share/texlive/texmf-dist/tex/generic/infwarerr/infwarerr.sty
Package: infwarerr 2019/12/03 v1.5 Providing info/warning/error messages (HO)
)
Package pdftexcmds Info: \pdf@primitive is available.
Package pdftexcmds Info: \pdf@ifprimitive is available.
Package pdftexcmds Info: \pdfdraftmode found.
))
(/usr/share/texlive/texmf-dist/tex/latex/hycolor/hycolor.sty
Package: hycolor 2020-01-27 v1.10 Color options for hyperref/bookmark (HO)
)
(/usr/share/texlive/texmf-dist/tex/latex/auxhook/auxhook.sty
Package: auxhook 2019-12-17 v1.6 Hooks for auxiliary files (HO)
)
(/usr/share/texlive/texmf-dist/tex/latex/hyperref/nameref.sty
Package: nameref 2023-11-26 v2.56 Cross-referencing by name of section

(/usr/share/texlive/texmf-dist/tex/latex/refcount/refcount.sty
Package: refcount 2019/12/15 v3.6 Data extraction from label references (HO)
)
(/usr/share/texlive/texmf-dist/tex/generic/gettitlestring/gettitlestring.sty
Package: gettitlestring 2019/12/15 v1.6 Cleanup title references (HO)

(/usr/share/texlive/texmf-dist/tex/latex/kvoptions/kvoptions.sty
Package: kvoptions 2022-06-15 v3.15 Key value format for package options (HO)
))
\c@section@level=\count286
)
(/usr/share/texlive/texmf-dist/tex/latex/etoolbox/etoolbox.sty
Package: etoolbox 2020/10/05 v2.5k e-TeX tools for LaTeX (JAW)
\etb@tempcnta=\count287
)
\@linkdim=\dimen181
\Hy@linkcounter=\count288
\Hy@pagecounter=\count289

(/usr/share/texlive/texmf-dist/tex/latex/hyperref/pd1enc.def
File: pd1enc.def 2024-01-20 v7.01h Hyperref: PDFDocEncoding definition (HO)
Now handling font encoding PD1 ...
... no UTF-8 mapping file for font encoding PD1
)
(/usr/share/texlive/texmf-dist/tex/generic/intcalc/intcalc.sty
Package: intcalc 2019/12/15 v1.3 Expandable calculations with integers (HO)
)
\Hy@SavedSpaceFactor=\count290

(/usr/share/texlive/texmf-dist/tex/latex/hyperref/puenc.def
File: puenc.def 2024-01-20 v7.01h Hyperref: PDF Unicode definition (HO)
Now handling font encoding PU ...
... no UTF-8 mapping file for font encoding PU
)
Package hyperref Info: Hyper figures OFF on input line 4179.
Package hyperref Info: Link nesting OFF on input line 4184.
Package hyperref Info: Hyper index ON on input line 4187.
Package hyperref Info: Plain pages OFF on input line 4194.
Package hyperref Info: Backreferencing OFF on input line 4199.
Package hyperref Info: Implicit mode ON; LaTeX internals redefined.
Package hyperref Info: Bookmarks ON on input line 4446.
\c@Hy@tempcnt=\count291

(/usr/share/texlive/texmf-dist/tex/latex/url/url.sty
\Urlmuskip=\muskip17
Package: url 2013/09/16  ver 3.4  Verb mode for urls, etc.
)
LaTeX Info: Redefining \url on input line 4784.
\XeTeXLinkMargin=\dimen182

(/usr/share/texlive/texmf-dist/tex/generic/bitset/bitset.sty
Package: bitset 2019/12/09 v1.3 Handle bit-vector datatype (HO)

(/usr/share/texlive/texmf-dist/tex/generic/bigintcalc/bigintcalc.sty
Package: bigintcalc 2019/12/15 v1.5 Expandable calculations on big integers (HO
)
))
\Fld@menulength=\count292
\Field@Width=\dimen183
\Fld@charsize=\dimen184
Package hyperref Info: Hyper figures OFF on input line 6063.
Package hyperref Info: Link nesting OFF on input line 6068.
Package hyperref Info: Hyper index ON on input line 6071.
Package hyperref Info: backreferencing OFF on input line 6078.
Package hyperref Info: Link coloring OFF on input line 6083.
Package hyperref Info: Link coloring with OCG OFF on input line 6088.
Package hyperref Info: PDF/A mode OFF on input line 6093.

(/usr/share/texlive/texmf-dist/tex/latex/base/atbegshi-ltx.sty
Package: atbegshi-ltx 2021/01/10 v1.0c Emulation of the original atbegshi
package with kernel methods
)
\Hy@abspage=\count293
\c@Item=\count294
\c@Hfootnote=\count295
)
Package hyperref Info: Driver (autodetected): hpdftex.

(/usr/share/texlive/texmf-dist/tex/latex/hyperref/hpdftex.def
File: hpdftex.def 2024-01-20 v7.01h Hyperref driver for pdfTeX

(/usr/share/texlive/texmf-dist/tex/latex/base/atveryend-ltx.sty
Package: atveryend-ltx 2020/08/19 v1.0a Emulation of the original atveryend pac
kage
with kernel methods
)
\Fld@listcount=\count296
\c@bookmark@seq@number=\count297

(/usr/share/texlive/texmf-dist/tex/latex/rerunfilecheck/rerunfilecheck.sty
Package: rerunfilecheck 2022-07-10 v1.10 Rerun checks for auxiliary files (HO)

(/usr/share/texlive/texmf-dist/tex/generic/uniquecounter/uniquecounter.sty
Package: uniquecounter 2019/12/15 v1.4 Provide unlimited unique counter (HO)
)
Package uniquecounter Info: New unique counter `rerunfilecheck' on input line 2
85.
)
\Hy@SectionHShift=\skip55
)
(/usr/share/texlive/texmf-dist/tex/latex/xurl/xurl.sty
Package: xurl 2022/01/09 v 0.10 modify URL breaks
) (./numbers.tex)
(./numbers2.tex) (./numbers_v2.tex)
(/usr/share/texlive/texmf-dist/tex/latex/l3backend/l3backend-pdftex.def
File: l3backend-pdftex.def 2024-01-04 L3 backend support: PDF output (pdfTeX)
\l__color_backend_stack_int=\count298
\l__pdf_internal_box=\box55
)
(./BBCN_paper3v2.aux)
\openout1 = `BBCN_paper3v2.aux'.

LaTeX Font Info:    Checking defaults for OML/cmm/m/it on input line 50.
LaTeX Font Info:    ... okay on input line 50.
LaTeX Font Info:    Checking defaults for OMS/cmsy/m/n on input line 50.
LaTeX Font Info:    ... okay on input line 50.
LaTeX Font Info:    Checking defaults for OT1/cmr/m/n on input line 50.
LaTeX Font Info:    ... okay on input line 50.
LaTeX Font Info:    Checking defaults for T1/cmr/m/n on input line 50.
LaTeX Font Info:    ... okay on input line 50.
LaTeX Font Info:    Checking defaults for TS1/cmr/m/n on input line 50.
LaTeX Font Info:    ... okay on input line 50.
LaTeX Font Info:    Checking defaults for OMX/cmex/m/n on input line 50.
LaTeX Font Info:    ... okay on input line 50.
LaTeX Font Info:    Checking defaults for U/cmr/m/n on input line 50.
LaTeX Font Info:    ... okay on input line 50.
LaTeX Font Info:    Checking defaults for PD1/pdf/m/n on input line 50.
LaTeX Font Info:    ... okay on input line 50.
LaTeX Font Info:    Checking defaults for PU/pdf/m/n on input line 50.
LaTeX Font Info:    ... okay on input line 50.

*geometry* driver: auto-detecting
*geometry* detected driver: pdftex
*geometry* verbose mode - [ preamble ] result:
* driver: pdftex
* paper: <default>
* layout: <same size as paper>
* layoutoffset:(h,v)=(0.0pt,0.0pt)
* modes: 
* h-part:(L,W,R)=(72.26999pt, 469.75502pt, 72.26999pt)
* v-part:(T,H,B)=(72.26999pt, 650.43001pt, 72.26999pt)
* \paperwidth=614.295pt
* \paperheight=794.96999pt
* \textwidth=469.75502pt
* \textheight=650.43001pt
* \oddsidemargin=0.0pt
* \evensidemargin=0.0pt
* \topmargin=-37.0pt
* \headheight=12.0pt
* \headsep=25.0pt
* \topskip=11.0pt
* \footskip=30.0pt
* \marginparwidth=59.0pt
* \marginparsep=10.0pt
* \columnsep=10.0pt
* \skip\footins=10.0pt plus 4.0pt minus 2.0pt
* \hoffset=0.0pt
* \voffset=0.0pt
* \mag=1000
* \@twocolumnfalse
* \@twosidefalse
* \@mparswitchfalse
* \@reversemarginfalse
* (1in=72.27pt=25.4mm, 1cm=28.453pt)

(/usr/share/texlive/texmf-dist/tex/context/base/mkii/supp-pdf.mkii
[Loading MPS to PDF converter (version 2006.09.02).]
\scratchcounter=\count299
\scratchdimen=\dimen185
\scratchbox=\box56
\nofMPsegments=\count300
\nofMParguments=\count301
\everyMPshowfont=\toks28
\MPscratchCnt=\count302
\MPscratchDim=\dimen186
\MPnumerator=\count303
\makeMPintoPDFobject=\count304
\everyMPtoPDFconversion=\toks29
) (/usr/share/texlive/texmf-dist/tex/latex/epstopdf-pkg/epstopdf-base.sty
Package: epstopdf-base 2020-01-24 v2.11 Base part for package epstopdf
Package epstopdf-base Info: Redefining graphics rule for `.eps' on input line 4
85.

(/usr/share/texlive/texmf-dist/tex/latex/latexconfig/epstopdf-sys.cfg
File: epstopdf-sys.cfg 2010/07/13 v1.3 Configuration of (r)epstopdf for TeX Liv
e
))
Package caption Info: Begin \AtBeginDocument code.
Package caption Info: float package is loaded.
Package caption Info: hyperref package is loaded.
Package caption Info: End \AtBeginDocument code.
Package hyperref Info: Link coloring OFF on input line 50.

(./BBCN_paper3v2.out) (./BBCN_paper3v2.out)
\@outlinefile=\write3
\openout3 = `BBCN_paper3v2.out'.

LaTeX Font Info:    Trying to load font information for U+msa on input line 52.


(/usr/share/texlive/texmf-dist/tex/latex/amsfonts/umsa.fd
File: umsa.fd 2013/01/14 v3.01 AMS symbols A
)
LaTeX Font Info:    Trying to load font information for U+msb on input line 52.


(/usr/share/texlive/texmf-dist/tex/latex/amsfonts/umsb.fd
File: umsb.fd 2013/01/14 v3.01 AMS symbols B
) [1

{/var/lib/texmf/fonts/map/pdftex/updmap/pdftex.map}] (./BBCN_paper3v2.toc)
\tf@toc=\write4
\openout4 = `BBCN_paper3v2.toc'.

 [2] [3] [4]
<figures/fig_arch.png, id=222, 801.11295pt x 627.66495pt>
File: figures/fig_arch.png Graphic file (type png)
<use figures/fig_arch.png>
Package pdftex.def Info: figures/fig_arch.png  used on input line 95.
(pdftex.def)             Requested size: 469.75502pt x 368.04927pt.
 [5]
[6 <./figures/fig_arch.png>] [7] [8] [9] [10]
LaTeX Font Info:    Trying to load font information for T1+cmtt on input line 1
61.

(/usr/share/texlive/texmf-dist/tex/latex/base/t1cmtt.fd
File: t1cmtt.fd 2023/04/13 v2.5m Standard LaTeX font definitions
) [11]
<figures/figA_tnbc_panel.png, id=299, 820.9872pt x 343.7643pt>
File: figures/figA_tnbc_panel.png Graphic file (type png)
<use figures/figA_tnbc_panel.png>
Package pdftex.def Info: figures/figA_tnbc_panel.png  used on input line 206.
(pdftex.def)             Requested size: 469.75502pt x 196.69777pt.
 [12]
<figures/fig2_scc.png, id=308, 787.31789pt x 681.03847pt>
File: figures/fig2_scc.png Graphic file (type png)
<use figures/fig2_scc.png>
Package pdftex.def Info: figures/fig2_scc.png  used on input line 219.
(pdftex.def)             Requested size: 281.85587pt x 243.80194pt.
 [13 <./figures/figA_tnbc_panel.png>]
<figures/figA_pathway_kernel.png, id=319, 927.7059pt x 451.2057pt>
File: figures/figA_pathway_kernel.png Graphic file (type png)
<use figures/figA_pathway_kernel.png>
Package pdftex.def Info: figures/figA_pathway_kernel.png  used on input line 22
8.
(pdftex.def)             Requested size: 469.75502pt x 228.47327pt.
 [14 <./figures/fig2_scc.png>]
<figures/figB.png, id=330, 804.00375pt x 311.21269pt>
File: figures/figB.png Graphic file (type png)
<use figures/figB.png>
Package pdftex.def Info: figures/figB.png  used on input line 241.
(pdftex.def)             Requested size: 469.75502pt x 181.82837pt.
 [15 <./figures/figA_pathway_kernel.png>]
<figures/figB_kernel_actuator.png, id=340, 711.1368pt x 368.3361pt>
File: figures/figB_kernel_actuator.png Graphic file (type png)
<use figures/figB_kernel_actuator.png>
Package pdftex.def Info: figures/figB_kernel_actuator.png  used on input line 2
69.
(pdftex.def)             Requested size: 469.75502pt x 243.31052pt.
 [16 <./figures/figB.png>]
<figures/figB_tnbc_panel.png, id=348, 708.0051pt x 343.7643pt>
File: figures/figB_tnbc_panel.png Graphic file (type png)
<use figures/figB_tnbc_panel.png>
Package pdftex.def Info: figures/figB_tnbc_panel.png  used on input line 278.
(pdftex.def)             Requested size: 469.75502pt x 228.08109pt.
 [17 <./figures/figB_kernel_actuator.png>] [18 <./figures/figB_tnbc_panel.png>]
<figures/f06_durability.pdf, id=370, 719.2974pt x 273.93468pt>
File: figures/f06_durability.pdf Graphic file (type pdf)
<use figures/f06_durability.pdf>
Package pdftex.def Info: figures/f06_durability.pdf  used on input line 317.
(pdftex.def)             Requested size: 469.75502pt x 178.89977pt.
 [19]
Underfull \hbox (badness 2042) in paragraph at lines 349--349
[]\T1/cmr/m/n/9 Lead agent (al-ter-na-
 []


Underfull \hbox (badness 10000) in paragraph at lines 351--351
[]\T1/cmr/m/n/9 Apoptosis in-
 []


Underfull \hbox (badness 10000) in paragraph at lines 351--351
[]\T1/cmr/m/n/9 BAX, CYCS,
 []


Underfull \hbox (badness 10000) in paragraph at lines 351--351
[]\T1/cmr/m/n/9 Venetoclax (Nav-i-to-
 []


Underfull \hbox (badness 10000) in paragraph at lines 351--352
[]\T1/cmr/m/n/9 FDA ap-
 []


Underfull \hbox (badness 10000) in paragraph at lines 352--352
[]\T1/cmr/m/n/9 MAP2K1, RAF1,
 []


Underfull \hbox (badness 10000) in paragraph at lines 352--352
[]\T1/cmr/m/n/9 Trametinib
 []


Underfull \hbox (badness 10000) in paragraph at lines 352--353
[]\T1/cmr/m/n/9 FDA ap-
 []


Underfull \hbox (badness 1062) in paragraph at lines 353--353
[]\T1/cmr/m/n/9 CCND1, E2F1 off;
 []


Underfull \hbox (badness 10000) in paragraph at lines 353--353
[]\T1/cmr/m/n/9 CDK4/6 in-
 []


Underfull \hbox (badness 10000) in paragraph at lines 353--353
[]\T1/cmr/m/n/9 Palbociclib (Ri-bo-ci-
 []


Underfull \hbox (badness 10000) in paragraph at lines 353--354
[]\T1/cmr/m/n/9 FDA ap-
 []


Underfull \hbox (badness 10000) in paragraph at lines 354--354
[]\T1/cmr/m/n/9 Molibresib (ZEN-
 []


Underfull \hbox (badness 7832) in paragraph at lines 355--355
[]\T1/cmr/m/n/9 TP53 on; XIAP,
 []


Underfull \hbox (badness 3407) in paragraph at lines 355--355
[]\T1/cmr/m/n/9 MDM2i + IAP
 []


Underfull \hbox (badness 10000) in paragraph at lines 355--355
[]\T1/cmr/m/n/9 Idasanutlin (Biri-na-
 []


Underfull \hbox (badness 10000) in paragraph at lines 356--356
[]\T1/cmr/m/n/9 Ipatasertib (Capi-
 []


Underfull \hbox (badness 10000) in paragraph at lines 357--357
[]\T1/cmr/m/n/9 Ruxolitinib (Fe-dra-
 []


Underfull \hbox (badness 10000) in paragraph at lines 357--358
[]\T1/cmr/m/n/9 FDA ap-
 []


Underfull \hbox (badness 1616) in paragraph at lines 358--358
[]\T1/cmr/m/n/9 Apoptosis reg-
 []


Underfull \hbox (badness 1082) in paragraph at lines 358--358
[]\T1/cmr/m/n/9 MCL1 off; CASP9
 []


Underfull \hbox (badness 10000) in paragraph at lines 359--359
[]\T1/cmr/m/n/9 CDK4/6 in-
 []


Underfull \hbox (badness 10000) in paragraph at lines 359--360
[]\T1/cmr/m/n/9 FDA ap-
 []


Underfull \hbox (badness 10000) in paragraph at lines 360--360
[]\T1/cmr/m/n/9 Apoptosis ex-
 []


Underfull \hbox (badness 4752) in paragraph at lines 360--360
[]\T1/cmr/m/n/9 TRAIL re-cep-tor
 []


Underfull \hbox (badness 10000) in paragraph at lines 360--360
[]\T1/cmr/m/n/9 Dulanermin
 []


Underfull \hbox (badness 10000) in paragraph at lines 361--362
[]\T1/cmr/m/n/9 FDA ap-
 []


Underfull \hbox (badness 10000) in paragraph at lines 362--362
[]\T1/cmr/m/n/9 Bortezomib (Ix-a-
 []


Underfull \hbox (badness 10000) in paragraph at lines 362--363
[]\T1/cmr/m/n/9 FDA ap-
 []

[20 <./figures/f06_durability.pdf>]
Overfull \hbox (5.68063pt too wide) in paragraph at lines 374--375
\T1/cmr/m/n/10.95 The two kernel-design meth-ods, the ranked reach-a-bil-ity he
uris-tic and the al-ge-braic global-stabilisation
 []

[21] [22] (./appendix_rules.tex
Underfull \hbox (badness 10000) in paragraph at lines 6--7

 []


Underfull \hbox (badness 10000) in paragraph at lines 16--17

 []

[23]
Underfull \hbox (badness 10000) in paragraph at lines 25--26

 []


Underfull \hbox (badness 10000) in paragraph at lines 33--34

 []


Underfull \hbox (badness 10000) in paragraph at lines 41--42

 []


Underfull \hbox (badness 10000) in paragraph at lines 54--55

 []


Underfull \hbox (badness 10000) in paragraph at lines 66--67

 []

[24]
Underfull \hbox (badness 10000) in paragraph at lines 78--79

 []


Underfull \hbox (badness 10000) in paragraph at lines 86--87

 []


Underfull \hbox (badness 10000) in paragraph at lines 93--94

 []


Underfull \hbox (badness 10000) in paragraph at lines 103--104

 []


Underfull \hbox (badness 10000) in paragraph at lines 111--112

 []


Underfull \hbox (badness 10000) in paragraph at lines 121--122

 []

[25]
Underfull \hbox (badness 10000) in paragraph at lines 128--129

 []


Underfull \hbox (badness 10000) in paragraph at lines 136--137

 []


Underfull \hbox (badness 10000) in paragraph at lines 145--146

 []


Underfull \hbox (badness 10000) in paragraph at lines 153--154

 []


Underfull \hbox (badness 10000) in paragraph at lines 165--166

 []


Underfull \hbox (badness 10000) in paragraph at lines 177--178

 []

[26]
Underfull \hbox (badness 10000) in paragraph at lines 187--188

 []


Underfull \hbox (badness 10000) in paragraph at lines 196--197

 []


Underfull \hbox (badness 10000) in paragraph at lines 208--209

 []


Underfull \hbox (badness 10000) in paragraph at lines 214--215

 []


Underfull \hbox (badness 10000) in paragraph at lines 226--227

 []

[27])
<figures/figC_flow_ranked.png, id=558, 406.3983pt x 514.3215pt>
File: figures/figC_flow_ranked.png Graphic file (type png)
<use figures/figC_flow_ranked.png>
Package pdftex.def Info: figures/figC_flow_ranked.png  used on input line 407.
(pdftex.def)             Requested size: 281.85587pt x 356.71863pt.
<figures/figC_flow_stabilize.png, id=559, 406.3983pt x 514.3215pt>
File: figures/figC_flow_stabilize.png Graphic file (type png)
<use figures/figC_flow_stabilize.png>
Package pdftex.def Info: figures/figC_flow_stabilize.png  used on input line 41
4.
(pdftex.def)             Requested size: 281.85587pt x 356.71863pt.
 [28 <./figures/figC_flow_ranked.png>] (./appendix_theorem.tex [29 <./figures/f
igC_flow_stabilize.png>]) [30] [31] [32] [33] (./BBCN_paper3v2.aux)
 ***********
LaTeX2e <2023-11-01> patch level 1
L3 programming layer <2024-01-22>
 ***********
Package rerunfilecheck Info: File `BBCN_paper3v2.out' has not changed.
(rerunfilecheck)             Checksum: 37C2FA1E1CA8ECC5A07ED3E9B79BB5DF;6730.
 ) 
Here is how much of TeX's memory you used:
 12913 strings out of 476106
 203545 string characters out of 5793933
 1943975 words of memory out of 5000000
 34575 multiletter control sequences out of 15000+600000
 579513 words of font info for 92 fonts, out of 8000000 for 9000
 59 hyphenation exceptions out of 8191
 75i,11n,79p,3537b,562s stack positions out of 10000i,1000n,20000p,200000b,200000s
 </root/.texlive2023/texmf-var/fonts/pk/ljfour/jknappen/ec/ectt1000.600pk> </
root/.texlive2023/texmf-var/fonts/pk/ljfour/jknappen/ec/ectt1095.600pk> </root/
.texlive2023/texmf-var/fonts/pk/ljfour/jknappen/ec/ecti1095.600pk> </root/.texl
ive2023/texmf-var/fonts/pk/ljfour/jknappen/ec/ecbx1200.600pk> </root/.texlive20
23/texmf-var/fonts/pk/ljfour/jknappen/ec/ecbx1095.600pk> </root/.texlive2023/te
xmf-var/fonts/pk/ljfour/jknappen/ec/ecbx1440.600pk> </root/.texlive2023/texmf-v
ar/fonts/pk/ljfour/jknappen/ec/ecrm1095.600pk> </root/.texlive2023/texmf-var/fo
nts/pk/ljfour/jknappen/ec/ecrm0900.600pk> </root/.texlive2023/texmf-var/fonts/p
k/ljfour/jknappen/ec/tcrm0600.600pk> </root/.texlive2023/texmf-var/fonts/pk/ljf
our/jknappen/ec/ecrm1000.600pk> </root/.texlive2023/texmf-var/fonts/pk/ljfour/j
knappen/ec/ecbx1000.600pk> </root/.texlive2023/texmf-var/fonts/pk/ljfour/jknapp
en/ec/ecrm0800.600pk> </root/.texlive2023/texmf-var/fonts/pk/ljfour/jknappen/ec
/tcrm0800.600pk> </root/.texlive2023/texmf-var/fonts/pk/ljfour/jknappen/ec/ecrm
1200.600pk> </root/.texlive2023/texmf-var/fonts/pk/ljfour/jknappen/ec/ecbx1728.
600pk></usr/share/texlive/texmf-dist/fonts/type1/public/amsfonts/cm/cmex10.pfb>
</usr/share/texlive/texmf-dist/fonts/type1/public/amsfonts/cm/cmmi10.pfb></usr/
share/texlive/texmf-dist/fonts/type1/public/amsfonts/cm/cmmi7.pfb></usr/share/t
exlive/texmf-dist/fonts/type1/public/amsfonts/cm/cmmi8.pfb></usr/share/texlive/
texmf-dist/fonts/type1/public/amsfonts/cm/cmr10.pfb></usr/share/texlive/texmf-d
ist/fonts/type1/public/amsfonts/cm/cmr8.pfb></usr/share/texlive/texmf-dist/font
s/type1/public/amsfonts/cm/cmsy10.pfb></usr/share/texlive/texmf-dist/fonts/type
1/public/amsfonts/cm/cmsy8.pfb></usr/share/texlive/texmf-dist/fonts/type1/publi
c/amsfonts/symbols/msam10.pfb></usr/share/texlive/texmf-dist/fonts/type1/public
/amsfonts/symbols/msbm10.pfb>
Output written on BBCN_paper3v2.pdf (33 pages, 2016683 bytes).
PDF statistics:
 1377 PDF objects out of 1440 (max. 8388607)
 568 compressed objects within 6 object streams
 160 named destinations out of 1000 (max. 500000)
 251 words of extra memory for PDF output out of 10000 (max. 10000000)

